<?xml version="1.0" encoding="UTF-8"?>
<trace:TraceModel
    xmi:version="2.0"
    xmlns:xmi="http://www.omg.org/XMI"
    xmlns:trace="http://www.eclipse.org/gmf/2006/Trace">
  <nodeTraces
      visualID="2001"
      queryText="(let _eClass_:ecore::EClass = modelFacet.metaClass.ecoreClass in _eClass_.ePackage.nsURI = 'www.uca.es/modeling/cep/eventpattern' and _eClass_.name = 'And') and (let _containmentMF_:ecore::EStructuralFeature = modelFacet.containmentMetaFeature.ecoreFeature in (let _eClass_:ecore::EClass = _containmentMF_.eContainingClass in _eClass_.ePackage.nsURI = 'www.uca.es/modeling/cep/eventpattern' and _eClass_.name = 'CEPEventPattern') and _containmentMF_.name = 'eventPatternElements')"/>
  <nodeTraces
      visualID="2002"
      queryText="(let _eClass_:ecore::EClass = modelFacet.metaClass.ecoreClass in _eClass_.ePackage.nsURI = 'www.uca.es/modeling/cep/eventpattern' and _eClass_.name = 'Or') and (let _containmentMF_:ecore::EStructuralFeature = modelFacet.containmentMetaFeature.ecoreFeature in (let _eClass_:ecore::EClass = _containmentMF_.eContainingClass in _eClass_.ePackage.nsURI = 'www.uca.es/modeling/cep/eventpattern' and _eClass_.name = 'CEPEventPattern') and _containmentMF_.name = 'eventPatternElements')"/>
  <nodeTraces
      visualID="2003"
      queryText="(let _eClass_:ecore::EClass = modelFacet.metaClass.ecoreClass in _eClass_.ePackage.nsURI = 'www.uca.es/modeling/cep/eventpattern' and _eClass_.name = 'Not') and (let _containmentMF_:ecore::EStructuralFeature = modelFacet.containmentMetaFeature.ecoreFeature in (let _eClass_:ecore::EClass = _containmentMF_.eContainingClass in _eClass_.ePackage.nsURI = 'www.uca.es/modeling/cep/eventpattern' and _eClass_.name = 'CEPEventPattern') and _containmentMF_.name = 'eventPatternElements')"/>
  <nodeTraces
      visualID="2004"
      queryText="(let _eClass_:ecore::EClass = modelFacet.metaClass.ecoreClass in _eClass_.ePackage.nsURI = 'www.uca.es/modeling/cep/eventpattern' and _eClass_.name = 'Addition') and (let _containmentMF_:ecore::EStructuralFeature = modelFacet.containmentMetaFeature.ecoreFeature in (let _eClass_:ecore::EClass = _containmentMF_.eContainingClass in _eClass_.ePackage.nsURI = 'www.uca.es/modeling/cep/eventpattern' and _eClass_.name = 'CEPEventPattern') and _containmentMF_.name = 'eventPatternElements')"/>
  <nodeTraces
      visualID="2005"
      queryText="(let _eClass_:ecore::EClass = modelFacet.metaClass.ecoreClass in _eClass_.ePackage.nsURI = 'www.uca.es/modeling/cep/eventpattern' and _eClass_.name = 'Subtraction') and (let _containmentMF_:ecore::EStructuralFeature = modelFacet.containmentMetaFeature.ecoreFeature in (let _eClass_:ecore::EClass = _containmentMF_.eContainingClass in _eClass_.ePackage.nsURI = 'www.uca.es/modeling/cep/eventpattern' and _eClass_.name = 'CEPEventPattern') and _containmentMF_.name = 'eventPatternElements')"/>
  <nodeTraces
      visualID="2006"
      queryText="(let _eClass_:ecore::EClass = modelFacet.metaClass.ecoreClass in _eClass_.ePackage.nsURI = 'www.uca.es/modeling/cep/eventpattern' and _eClass_.name = 'Multiplication') and (let _containmentMF_:ecore::EStructuralFeature = modelFacet.containmentMetaFeature.ecoreFeature in (let _eClass_:ecore::EClass = _containmentMF_.eContainingClass in _eClass_.ePackage.nsURI = 'www.uca.es/modeling/cep/eventpattern' and _eClass_.name = 'CEPEventPattern') and _containmentMF_.name = 'eventPatternElements')"/>
  <nodeTraces
      visualID="2007"
      queryText="(let _eClass_:ecore::EClass = modelFacet.metaClass.ecoreClass in _eClass_.ePackage.nsURI = 'www.uca.es/modeling/cep/eventpattern' and _eClass_.name = 'Division') and (let _containmentMF_:ecore::EStructuralFeature = modelFacet.containmentMetaFeature.ecoreFeature in (let _eClass_:ecore::EClass = _containmentMF_.eContainingClass in _eClass_.ePackage.nsURI = 'www.uca.es/modeling/cep/eventpattern' and _eClass_.name = 'CEPEventPattern') and _containmentMF_.name = 'eventPatternElements')"/>
  <nodeTraces
      visualID="2008"
      queryText="(let _eClass_:ecore::EClass = modelFacet.metaClass.ecoreClass in _eClass_.ePackage.nsURI = 'www.uca.es/modeling/cep/eventpattern' and _eClass_.name = 'Modulus') and (let _containmentMF_:ecore::EStructuralFeature = modelFacet.containmentMetaFeature.ecoreFeature in (let _eClass_:ecore::EClass = _containmentMF_.eContainingClass in _eClass_.ePackage.nsURI = 'www.uca.es/modeling/cep/eventpattern' and _eClass_.name = 'CEPEventPattern') and _containmentMF_.name = 'eventPatternElements')"/>
  <nodeTraces
      visualID="2009"
      queryText="(let _eClass_:ecore::EClass = modelFacet.metaClass.ecoreClass in _eClass_.ePackage.nsURI = 'www.uca.es/modeling/cep/eventpattern' and _eClass_.name = 'Equal') and (let _containmentMF_:ecore::EStructuralFeature = modelFacet.containmentMetaFeature.ecoreFeature in (let _eClass_:ecore::EClass = _containmentMF_.eContainingClass in _eClass_.ePackage.nsURI = 'www.uca.es/modeling/cep/eventpattern' and _eClass_.name = 'CEPEventPattern') and _containmentMF_.name = 'eventPatternElements')"/>
  <nodeTraces
      visualID="2010"
      queryText="(let _eClass_:ecore::EClass = modelFacet.metaClass.ecoreClass in _eClass_.ePackage.nsURI = 'www.uca.es/modeling/cep/eventpattern' and _eClass_.name = 'NotEqual') and (let _containmentMF_:ecore::EStructuralFeature = modelFacet.containmentMetaFeature.ecoreFeature in (let _eClass_:ecore::EClass = _containmentMF_.eContainingClass in _eClass_.ePackage.nsURI = 'www.uca.es/modeling/cep/eventpattern' and _eClass_.name = 'CEPEventPattern') and _containmentMF_.name = 'eventPatternElements')"/>
  <nodeTraces
      visualID="2011"
      queryText="(let _eClass_:ecore::EClass = modelFacet.metaClass.ecoreClass in _eClass_.ePackage.nsURI = 'www.uca.es/modeling/cep/eventpattern' and _eClass_.name = 'LessThan') and (let _containmentMF_:ecore::EStructuralFeature = modelFacet.containmentMetaFeature.ecoreFeature in (let _eClass_:ecore::EClass = _containmentMF_.eContainingClass in _eClass_.ePackage.nsURI = 'www.uca.es/modeling/cep/eventpattern' and _eClass_.name = 'CEPEventPattern') and _containmentMF_.name = 'eventPatternElements')"/>
  <nodeTraces
      visualID="2012"
      queryText="(let _eClass_:ecore::EClass = modelFacet.metaClass.ecoreClass in _eClass_.ePackage.nsURI = 'www.uca.es/modeling/cep/eventpattern' and _eClass_.name = 'GreaterThan') and (let _containmentMF_:ecore::EStructuralFeature = modelFacet.containmentMetaFeature.ecoreFeature in (let _eClass_:ecore::EClass = _containmentMF_.eContainingClass in _eClass_.ePackage.nsURI = 'www.uca.es/modeling/cep/eventpattern' and _eClass_.name = 'CEPEventPattern') and _containmentMF_.name = 'eventPatternElements')"/>
  <nodeTraces
      visualID="2013"
      queryText="(let _eClass_:ecore::EClass = modelFacet.metaClass.ecoreClass in _eClass_.ePackage.nsURI = 'www.uca.es/modeling/cep/eventpattern' and _eClass_.name = 'LessEqual') and (let _containmentMF_:ecore::EStructuralFeature = modelFacet.containmentMetaFeature.ecoreFeature in (let _eClass_:ecore::EClass = _containmentMF_.eContainingClass in _eClass_.ePackage.nsURI = 'www.uca.es/modeling/cep/eventpattern' and _eClass_.name = 'CEPEventPattern') and _containmentMF_.name = 'eventPatternElements')"/>
  <nodeTraces
      visualID="2014"
      queryText="(let _eClass_:ecore::EClass = modelFacet.metaClass.ecoreClass in _eClass_.ePackage.nsURI = 'www.uca.es/modeling/cep/eventpattern' and _eClass_.name = 'GreaterEqual') and (let _containmentMF_:ecore::EStructuralFeature = modelFacet.containmentMetaFeature.ecoreFeature in (let _eClass_:ecore::EClass = _containmentMF_.eContainingClass in _eClass_.ePackage.nsURI = 'www.uca.es/modeling/cep/eventpattern' and _eClass_.name = 'CEPEventPattern') and _containmentMF_.name = 'eventPatternElements')"/>
  <nodeTraces
      visualID="2015"
      queryText="(let _eClass_:ecore::EClass = modelFacet.metaClass.ecoreClass in _eClass_.ePackage.nsURI = 'www.uca.es/modeling/cep/eventpattern' and _eClass_.name = 'Every') and (let _containmentMF_:ecore::EStructuralFeature = modelFacet.containmentMetaFeature.ecoreFeature in (let _eClass_:ecore::EClass = _containmentMF_.eContainingClass in _eClass_.ePackage.nsURI = 'www.uca.es/modeling/cep/eventpattern' and _eClass_.name = 'CEPEventPattern') and _containmentMF_.name = 'eventPatternElements')"/>
  <nodeTraces
      visualID="2016"
      queryText="(let _eClass_:ecore::EClass = modelFacet.metaClass.ecoreClass in _eClass_.ePackage.nsURI = 'www.uca.es/modeling/cep/eventpattern' and _eClass_.name = 'EveryDistinct') and (let _containmentMF_:ecore::EStructuralFeature = modelFacet.containmentMetaFeature.ecoreFeature in (let _eClass_:ecore::EClass = _containmentMF_.eContainingClass in _eClass_.ePackage.nsURI = 'www.uca.es/modeling/cep/eventpattern' and _eClass_.name = 'CEPEventPattern') and _containmentMF_.name = 'eventPatternElements')"/>
  <nodeTraces
      visualID="2017"
      queryText="(let _eClass_:ecore::EClass = modelFacet.metaClass.ecoreClass in _eClass_.ePackage.nsURI = 'www.uca.es/modeling/cep/eventpattern' and _eClass_.name = 'Repeat') and (let _containmentMF_:ecore::EStructuralFeature = modelFacet.containmentMetaFeature.ecoreFeature in (let _eClass_:ecore::EClass = _containmentMF_.eContainingClass in _eClass_.ePackage.nsURI = 'www.uca.es/modeling/cep/eventpattern' and _eClass_.name = 'CEPEventPattern') and _containmentMF_.name = 'eventPatternElements')">
    <nodeLabelTraces
        visualID="5017"
        queryText="true"/>
  </nodeTraces>
  <nodeTraces
      visualID="2018"
      queryText="(let _eClass_:ecore::EClass = modelFacet.metaClass.ecoreClass in _eClass_.ePackage.nsURI = 'www.uca.es/modeling/cep/eventpattern' and _eClass_.name = 'Until') and (let _containmentMF_:ecore::EStructuralFeature = modelFacet.containmentMetaFeature.ecoreFeature in (let _eClass_:ecore::EClass = _containmentMF_.eContainingClass in _eClass_.ePackage.nsURI = 'www.uca.es/modeling/cep/eventpattern' and _eClass_.name = 'CEPEventPattern') and _containmentMF_.name = 'eventPatternElements')"/>
  <nodeTraces
      visualID="2019"
      queryText="(let _eClass_:ecore::EClass = modelFacet.metaClass.ecoreClass in _eClass_.ePackage.nsURI = 'www.uca.es/modeling/cep/eventpattern' and _eClass_.name = 'Range') and (let _containmentMF_:ecore::EStructuralFeature = modelFacet.containmentMetaFeature.ecoreFeature in (let _eClass_:ecore::EClass = _containmentMF_.eContainingClass in _eClass_.ePackage.nsURI = 'www.uca.es/modeling/cep/eventpattern' and _eClass_.name = 'CEPEventPattern') and _containmentMF_.name = 'eventPatternElements')">
    <nodeLabelTraces
        visualID="5019"
        queryText="true"/>
  </nodeTraces>
  <nodeTraces
      visualID="2020"
      queryText="(let _eClass_:ecore::EClass = modelFacet.metaClass.ecoreClass in _eClass_.ePackage.nsURI = 'www.uca.es/modeling/cep/eventpattern' and _eClass_.name = 'FollowedBy') and (let _containmentMF_:ecore::EStructuralFeature = modelFacet.containmentMetaFeature.ecoreFeature in (let _eClass_:ecore::EClass = _containmentMF_.eContainingClass in _eClass_.ePackage.nsURI = 'www.uca.es/modeling/cep/eventpattern' and _eClass_.name = 'CEPEventPattern') and _containmentMF_.name = 'eventPatternElements')"/>
  <nodeTraces
      visualID="2021"
      queryText="(let _eClass_:ecore::EClass = modelFacet.metaClass.ecoreClass in _eClass_.ePackage.nsURI = 'www.uca.es/modeling/cep/eventpattern' and _eClass_.name = 'While') and (let _containmentMF_:ecore::EStructuralFeature = modelFacet.containmentMetaFeature.ecoreFeature in (let _eClass_:ecore::EClass = _containmentMF_.eContainingClass in _eClass_.ePackage.nsURI = 'www.uca.es/modeling/cep/eventpattern' and _eClass_.name = 'CEPEventPattern') and _containmentMF_.name = 'eventPatternElements')"/>
  <nodeTraces
      visualID="2022"
      queryText="(let _eClass_:ecore::EClass = modelFacet.metaClass.ecoreClass in _eClass_.ePackage.nsURI = 'www.uca.es/modeling/cep/eventpattern' and _eClass_.name = 'Max') and (let _containmentMF_:ecore::EStructuralFeature = modelFacet.containmentMetaFeature.ecoreFeature in (let _eClass_:ecore::EClass = _containmentMF_.eContainingClass in _eClass_.ePackage.nsURI = 'www.uca.es/modeling/cep/eventpattern' and _eClass_.name = 'CEPEventPattern') and _containmentMF_.name = 'eventPatternElements')"/>
  <nodeTraces
      visualID="2023"
      queryText="(let _eClass_:ecore::EClass = modelFacet.metaClass.ecoreClass in _eClass_.ePackage.nsURI = 'www.uca.es/modeling/cep/eventpattern' and _eClass_.name = 'Min') and (let _containmentMF_:ecore::EStructuralFeature = modelFacet.containmentMetaFeature.ecoreFeature in (let _eClass_:ecore::EClass = _containmentMF_.eContainingClass in _eClass_.ePackage.nsURI = 'www.uca.es/modeling/cep/eventpattern' and _eClass_.name = 'CEPEventPattern') and _containmentMF_.name = 'eventPatternElements')"/>
  <nodeTraces
      visualID="2024"
      queryText="(let _eClass_:ecore::EClass = modelFacet.metaClass.ecoreClass in _eClass_.ePackage.nsURI = 'www.uca.es/modeling/cep/eventpattern' and _eClass_.name = 'Avg') and (let _containmentMF_:ecore::EStructuralFeature = modelFacet.containmentMetaFeature.ecoreFeature in (let _eClass_:ecore::EClass = _containmentMF_.eContainingClass in _eClass_.ePackage.nsURI = 'www.uca.es/modeling/cep/eventpattern' and _eClass_.name = 'CEPEventPattern') and _containmentMF_.name = 'eventPatternElements')"/>
  <nodeTraces
      visualID="2025"
      queryText="(let _eClass_:ecore::EClass = modelFacet.metaClass.ecoreClass in _eClass_.ePackage.nsURI = 'www.uca.es/modeling/cep/eventpattern' and _eClass_.name = 'Count') and (let _containmentMF_:ecore::EStructuralFeature = modelFacet.containmentMetaFeature.ecoreFeature in (let _eClass_:ecore::EClass = _containmentMF_.eContainingClass in _eClass_.ePackage.nsURI = 'www.uca.es/modeling/cep/eventpattern' and _eClass_.name = 'CEPEventPattern') and _containmentMF_.name = 'eventPatternElements')"/>
  <nodeTraces
      visualID="2026"
      queryText="(let _eClass_:ecore::EClass = modelFacet.metaClass.ecoreClass in _eClass_.ePackage.nsURI = 'www.uca.es/modeling/cep/eventpattern' and _eClass_.name = 'Sum') and (let _containmentMF_:ecore::EStructuralFeature = modelFacet.containmentMetaFeature.ecoreFeature in (let _eClass_:ecore::EClass = _containmentMF_.eContainingClass in _eClass_.ePackage.nsURI = 'www.uca.es/modeling/cep/eventpattern' and _eClass_.name = 'CEPEventPattern') and _containmentMF_.name = 'eventPatternElements')"/>
  <nodeTraces
      visualID="2027"
      queryText="(let _eClass_:ecore::EClass = modelFacet.metaClass.ecoreClass in _eClass_.ePackage.nsURI = 'www.uca.es/modeling/cep/eventpattern' and _eClass_.name = 'Event') and (let _containmentMF_:ecore::EStructuralFeature = modelFacet.containmentMetaFeature.ecoreFeature in (let _eClass_:ecore::EClass = _containmentMF_.eContainingClass in _eClass_.ePackage.nsURI = 'www.uca.es/modeling/cep/eventpattern' and _eClass_.name = 'CEPEventPattern') and _containmentMF_.name = 'eventPatternElements')">
    <nodeLabelTraces
        visualID="5029"
        queryText="true"/>
    <compartmentTraces
        visualID="7001"
        queryText="true"/>
  </nodeTraces>
  <nodeTraces
      visualID="2028"
      queryText="(let _eClass_:ecore::EClass = modelFacet.metaClass.ecoreClass in _eClass_.ePackage.nsURI = 'www.uca.es/modeling/cep/eventpattern' and _eClass_.name = 'EventProperty') and (let _containmentMF_:ecore::EStructuralFeature = modelFacet.containmentMetaFeature.ecoreFeature in (let _eClass_:ecore::EClass = _containmentMF_.eContainingClass in _eClass_.ePackage.nsURI = 'www.uca.es/modeling/cep/eventpattern' and _eClass_.name = 'CEPEventPattern') and _containmentMF_.name = 'eventPatternElements')">
    <nodeLabelTraces
        visualID="5030"
        queryText="true"/>
    <compartmentTraces
        visualID="7004"
        queryText="true"/>
  </nodeTraces>
  <nodeTraces
      visualID="2029"
      queryText="(let _eClass_:ecore::EClass = modelFacet.metaClass.ecoreClass in _eClass_.ePackage.nsURI = 'www.uca.es/modeling/cep/eventpattern' and _eClass_.name = 'Value') and (let _containmentMF_:ecore::EStructuralFeature = modelFacet.containmentMetaFeature.ecoreFeature in (let _eClass_:ecore::EClass = _containmentMF_.eContainingClass in _eClass_.ePackage.nsURI = 'www.uca.es/modeling/cep/eventpattern' and _eClass_.name = 'CEPEventPattern') and _containmentMF_.name = 'eventPatternElements')">
    <nodeLabelTraces
        visualID="5031"
        queryText="true"/>
  </nodeTraces>
  <nodeTraces
      visualID="2030"
      queryText="(let _eClass_:ecore::EClass = modelFacet.metaClass.ecoreClass in _eClass_.ePackage.nsURI = 'www.uca.es/modeling/cep/eventpattern' and _eClass_.name = 'WithinTimer') and (let _containmentMF_:ecore::EStructuralFeature = modelFacet.containmentMetaFeature.ecoreFeature in (let _eClass_:ecore::EClass = _containmentMF_.eContainingClass in _eClass_.ePackage.nsURI = 'www.uca.es/modeling/cep/eventpattern' and _eClass_.name = 'CEPEventPattern') and _containmentMF_.name = 'eventPatternElements')">
    <nodeLabelTraces
        visualID="5056"
        queryText="true"/>
    <compartmentTraces
        visualID="7005"
        queryText="true"/>
  </nodeTraces>
  <nodeTraces
      visualID="2031"
      queryText="(let _eClass_:ecore::EClass = modelFacet.metaClass.ecoreClass in _eClass_.ePackage.nsURI = 'www.uca.es/modeling/cep/eventpattern' and _eClass_.name = 'TimeInterval') and (let _containmentMF_:ecore::EStructuralFeature = modelFacet.containmentMetaFeature.ecoreFeature in (let _eClass_:ecore::EClass = _containmentMF_.eContainingClass in _eClass_.ePackage.nsURI = 'www.uca.es/modeling/cep/eventpattern' and _eClass_.name = 'CEPEventPattern') and _containmentMF_.name = 'eventPatternElements')">
    <nodeLabelTraces
        visualID="5057"
        queryText="true"/>
  </nodeTraces>
  <nodeTraces
      visualID="2032"
      queryText="(let _eClass_:ecore::EClass = modelFacet.metaClass.ecoreClass in _eClass_.ePackage.nsURI = 'www.uca.es/modeling/cep/eventpattern' and _eClass_.name = 'TimeSchedule') and (let _containmentMF_:ecore::EStructuralFeature = modelFacet.containmentMetaFeature.ecoreFeature in (let _eClass_:ecore::EClass = _containmentMF_.eContainingClass in _eClass_.ePackage.nsURI = 'www.uca.es/modeling/cep/eventpattern' and _eClass_.name = 'CEPEventPattern') and _containmentMF_.name = 'eventPatternElements')">
    <nodeLabelTraces
        visualID="5058"
        queryText="true"/>
  </nodeTraces>
  <nodeTraces
      visualID="2033"
      queryText="(let _eClass_:ecore::EClass = modelFacet.metaClass.ecoreClass in _eClass_.ePackage.nsURI = 'www.uca.es/modeling/cep/eventpattern' and _eClass_.name = 'Email') and (let _containmentMF_:ecore::EStructuralFeature = modelFacet.containmentMetaFeature.ecoreFeature in (let _eClass_:ecore::EClass = _containmentMF_.eContainingClass in _eClass_.ePackage.nsURI = 'www.uca.es/modeling/cep/eventpattern' and _eClass_.name = 'CEPEventPattern') and _containmentMF_.name = 'actions')">
    <nodeLabelTraces
        visualID="5098"
        queryText="true"/>
  </nodeTraces>
  <nodeTraces
      visualID="2034"
      queryText="(let _eClass_:ecore::EClass = modelFacet.metaClass.ecoreClass in _eClass_.ePackage.nsURI = 'www.uca.es/modeling/cep/eventpattern' and _eClass_.name = 'SlidingEventInterval') and (let _containmentMF_:ecore::EStructuralFeature = modelFacet.containmentMetaFeature.ecoreFeature in (let _eClass_:ecore::EClass = _containmentMF_.eContainingClass in _eClass_.ePackage.nsURI = 'www.uca.es/modeling/cep/eventpattern' and _eClass_.name = 'CEPEventPattern') and _containmentMF_.name = 'eventPatternElements')">
    <nodeLabelTraces
        visualID="5092"
        queryText="true"/>
    <compartmentTraces
        visualID="7008"
        queryText="true"/>
  </nodeTraces>
  <nodeTraces
      visualID="2035"
      queryText="(let _eClass_:ecore::EClass = modelFacet.metaClass.ecoreClass in _eClass_.ePackage.nsURI = 'www.uca.es/modeling/cep/eventpattern' and _eClass_.name = 'BatchingEventInterval') and (let _containmentMF_:ecore::EStructuralFeature = modelFacet.containmentMetaFeature.ecoreFeature in (let _eClass_:ecore::EClass = _containmentMF_.eContainingClass in _eClass_.ePackage.nsURI = 'www.uca.es/modeling/cep/eventpattern' and _eClass_.name = 'CEPEventPattern') and _containmentMF_.name = 'eventPatternElements')">
    <nodeLabelTraces
        visualID="5093"
        queryText="true"/>
    <compartmentTraces
        visualID="7012"
        queryText="true"/>
  </nodeTraces>
  <nodeTraces
      visualID="2036"
      queryText="(let _eClass_:ecore::EClass = modelFacet.metaClass.ecoreClass in _eClass_.ePackage.nsURI = 'www.uca.es/modeling/cep/eventpattern' and _eClass_.name = 'SlidingTimeInterval') and (let _containmentMF_:ecore::EStructuralFeature = modelFacet.containmentMetaFeature.ecoreFeature in (let _eClass_:ecore::EClass = _containmentMF_.eContainingClass in _eClass_.ePackage.nsURI = 'www.uca.es/modeling/cep/eventpattern' and _eClass_.name = 'CEPEventPattern') and _containmentMF_.name = 'eventPatternElements')">
    <nodeLabelTraces
        visualID="5094"
        queryText="true"/>
    <compartmentTraces
        visualID="7013"
        queryText="true"/>
  </nodeTraces>
  <nodeTraces
      visualID="2037"
      queryText="(let _eClass_:ecore::EClass = modelFacet.metaClass.ecoreClass in _eClass_.ePackage.nsURI = 'www.uca.es/modeling/cep/eventpattern' and _eClass_.name = 'BatchingTimeInterval') and (let _containmentMF_:ecore::EStructuralFeature = modelFacet.containmentMetaFeature.ecoreFeature in (let _eClass_:ecore::EClass = _containmentMF_.eContainingClass in _eClass_.ePackage.nsURI = 'www.uca.es/modeling/cep/eventpattern' and _eClass_.name = 'CEPEventPattern') and _containmentMF_.name = 'eventPatternElements')">
    <nodeLabelTraces
        visualID="5095"
        queryText="true"/>
    <compartmentTraces
        visualID="7014"
        queryText="true"/>
  </nodeTraces>
  <nodeTraces
      visualID="2038"
      queryText="(let _eClass_:ecore::EClass = modelFacet.metaClass.ecoreClass in _eClass_.ePackage.nsURI = 'www.uca.es/modeling/cep/eventpattern' and _eClass_.name = 'ComplexEvent') and (let _containmentMF_:ecore::EStructuralFeature = modelFacet.containmentMetaFeature.ecoreFeature in (let _eClass_:ecore::EClass = _containmentMF_.eContainingClass in _eClass_.ePackage.nsURI = 'www.uca.es/modeling/cep/eventpattern' and _eClass_.name = 'CEPEventPattern') and _containmentMF_.name = 'complexEvent')">
    <nodeLabelTraces
        visualID="5097"
        queryText="true"/>
    <compartmentTraces
        visualID="7015"
        queryText="true"/>
  </nodeTraces>
  <nodeTraces
      visualID="2039"
      queryText="(let _eClass_:ecore::EClass = modelFacet.metaClass.ecoreClass in _eClass_.ePackage.nsURI = 'www.uca.es/modeling/cep/eventpattern' and _eClass_.name = 'Twitter') and (let _containmentMF_:ecore::EStructuralFeature = modelFacet.containmentMetaFeature.ecoreFeature in (let _eClass_:ecore::EClass = _containmentMF_.eContainingClass in _eClass_.ePackage.nsURI = 'www.uca.es/modeling/cep/eventpattern' and _eClass_.name = 'CEPEventPattern') and _containmentMF_.name = 'actions')"/>
  <childNodeTraces
      visualID="3001"
      queryText="(let _eClass_:ecore::EClass = modelFacet.metaClass.ecoreClass in _eClass_.ePackage.nsURI = 'www.uca.es/modeling/cep/eventpattern' and _eClass_.name = 'EventProperty') and (let _containmentMF_:ecore::EStructuralFeature = modelFacet.containmentMetaFeature.ecoreFeature in (let _eClass_:ecore::EClass = _containmentMF_.eContainingClass in _eClass_.ePackage.nsURI = 'www.uca.es/modeling/cep/eventpattern' and _eClass_.name = 'Event') and _containmentMF_.name = 'eventProperties')">
    <nodeLabelTraces
        visualID="5028"
        queryText="true"/>
    <compartmentTraces
        visualID="7002"
        queryText="true"/>
  </childNodeTraces>
  <childNodeTraces
      visualID="3002"
      queryText="(let _eClass_:ecore::EClass = modelFacet.metaClass.ecoreClass in _eClass_.ePackage.nsURI = 'www.uca.es/modeling/cep/eventpattern' and _eClass_.name = 'EventProperty') and (let _containmentMF_:ecore::EStructuralFeature = modelFacet.containmentMetaFeature.ecoreFeature in (let _eClass_:ecore::EClass = _containmentMF_.eContainingClass in _eClass_.ePackage.nsURI = 'www.uca.es/modeling/cep/eventpattern' and _eClass_.name = 'EventProperty') and _containmentMF_.name = 'eventProperties')">
    <nodeLabelTraces
        visualID="5027"
        queryText="true"/>
    <compartmentTraces
        visualID="7003"
        queryText="true"/>
  </childNodeTraces>
  <childNodeTraces
      visualID="3003"
      queryText="(let _eClass_:ecore::EClass = modelFacet.metaClass.ecoreClass in _eClass_.ePackage.nsURI = 'www.uca.es/modeling/cep/eventpattern' and _eClass_.name = 'And') and (let _containmentMF_:ecore::EStructuralFeature = modelFacet.containmentMetaFeature.ecoreFeature in (let _eClass_:ecore::EClass = _containmentMF_.eContainingClass in _eClass_.ePackage.nsURI = 'www.uca.es/modeling/cep/eventpattern' and _eClass_.name = 'WithinTimer') and _containmentMF_.name = 'withinTimerElements')"/>
  <childNodeTraces
      visualID="3004"
      queryText="(let _eClass_:ecore::EClass = modelFacet.metaClass.ecoreClass in _eClass_.ePackage.nsURI = 'www.uca.es/modeling/cep/eventpattern' and _eClass_.name = 'Or') and (let _containmentMF_:ecore::EStructuralFeature = modelFacet.containmentMetaFeature.ecoreFeature in (let _eClass_:ecore::EClass = _containmentMF_.eContainingClass in _eClass_.ePackage.nsURI = 'www.uca.es/modeling/cep/eventpattern' and _eClass_.name = 'WithinTimer') and _containmentMF_.name = 'withinTimerElements')"/>
  <childNodeTraces
      visualID="3005"
      queryText="(let _eClass_:ecore::EClass = modelFacet.metaClass.ecoreClass in _eClass_.ePackage.nsURI = 'www.uca.es/modeling/cep/eventpattern' and _eClass_.name = 'Not') and (let _containmentMF_:ecore::EStructuralFeature = modelFacet.containmentMetaFeature.ecoreFeature in (let _eClass_:ecore::EClass = _containmentMF_.eContainingClass in _eClass_.ePackage.nsURI = 'www.uca.es/modeling/cep/eventpattern' and _eClass_.name = 'WithinTimer') and _containmentMF_.name = 'withinTimerElements')"/>
  <childNodeTraces
      visualID="3006"
      queryText="(let _eClass_:ecore::EClass = modelFacet.metaClass.ecoreClass in _eClass_.ePackage.nsURI = 'www.uca.es/modeling/cep/eventpattern' and _eClass_.name = 'Addition') and (let _containmentMF_:ecore::EStructuralFeature = modelFacet.containmentMetaFeature.ecoreFeature in (let _eClass_:ecore::EClass = _containmentMF_.eContainingClass in _eClass_.ePackage.nsURI = 'www.uca.es/modeling/cep/eventpattern' and _eClass_.name = 'WithinTimer') and _containmentMF_.name = 'withinTimerElements')"/>
  <childNodeTraces
      visualID="3007"
      queryText="(let _eClass_:ecore::EClass = modelFacet.metaClass.ecoreClass in _eClass_.ePackage.nsURI = 'www.uca.es/modeling/cep/eventpattern' and _eClass_.name = 'Subtraction') and (let _containmentMF_:ecore::EStructuralFeature = modelFacet.containmentMetaFeature.ecoreFeature in (let _eClass_:ecore::EClass = _containmentMF_.eContainingClass in _eClass_.ePackage.nsURI = 'www.uca.es/modeling/cep/eventpattern' and _eClass_.name = 'WithinTimer') and _containmentMF_.name = 'withinTimerElements')"/>
  <childNodeTraces
      visualID="3008"
      queryText="(let _eClass_:ecore::EClass = modelFacet.metaClass.ecoreClass in _eClass_.ePackage.nsURI = 'www.uca.es/modeling/cep/eventpattern' and _eClass_.name = 'Multiplication') and (let _containmentMF_:ecore::EStructuralFeature = modelFacet.containmentMetaFeature.ecoreFeature in (let _eClass_:ecore::EClass = _containmentMF_.eContainingClass in _eClass_.ePackage.nsURI = 'www.uca.es/modeling/cep/eventpattern' and _eClass_.name = 'WithinTimer') and _containmentMF_.name = 'withinTimerElements')"/>
  <childNodeTraces
      visualID="3009"
      queryText="(let _eClass_:ecore::EClass = modelFacet.metaClass.ecoreClass in _eClass_.ePackage.nsURI = 'www.uca.es/modeling/cep/eventpattern' and _eClass_.name = 'Division') and (let _containmentMF_:ecore::EStructuralFeature = modelFacet.containmentMetaFeature.ecoreFeature in (let _eClass_:ecore::EClass = _containmentMF_.eContainingClass in _eClass_.ePackage.nsURI = 'www.uca.es/modeling/cep/eventpattern' and _eClass_.name = 'WithinTimer') and _containmentMF_.name = 'withinTimerElements')"/>
  <childNodeTraces
      visualID="3010"
      queryText="(let _eClass_:ecore::EClass = modelFacet.metaClass.ecoreClass in _eClass_.ePackage.nsURI = 'www.uca.es/modeling/cep/eventpattern' and _eClass_.name = 'Modulus') and (let _containmentMF_:ecore::EStructuralFeature = modelFacet.containmentMetaFeature.ecoreFeature in (let _eClass_:ecore::EClass = _containmentMF_.eContainingClass in _eClass_.ePackage.nsURI = 'www.uca.es/modeling/cep/eventpattern' and _eClass_.name = 'WithinTimer') and _containmentMF_.name = 'withinTimerElements')"/>
  <childNodeTraces
      visualID="3011"
      queryText="(let _eClass_:ecore::EClass = modelFacet.metaClass.ecoreClass in _eClass_.ePackage.nsURI = 'www.uca.es/modeling/cep/eventpattern' and _eClass_.name = 'Equal') and (let _containmentMF_:ecore::EStructuralFeature = modelFacet.containmentMetaFeature.ecoreFeature in (let _eClass_:ecore::EClass = _containmentMF_.eContainingClass in _eClass_.ePackage.nsURI = 'www.uca.es/modeling/cep/eventpattern' and _eClass_.name = 'WithinTimer') and _containmentMF_.name = 'withinTimerElements')"/>
  <childNodeTraces
      visualID="3012"
      queryText="(let _eClass_:ecore::EClass = modelFacet.metaClass.ecoreClass in _eClass_.ePackage.nsURI = 'www.uca.es/modeling/cep/eventpattern' and _eClass_.name = 'NotEqual') and (let _containmentMF_:ecore::EStructuralFeature = modelFacet.containmentMetaFeature.ecoreFeature in (let _eClass_:ecore::EClass = _containmentMF_.eContainingClass in _eClass_.ePackage.nsURI = 'www.uca.es/modeling/cep/eventpattern' and _eClass_.name = 'WithinTimer') and _containmentMF_.name = 'withinTimerElements')"/>
  <childNodeTraces
      visualID="3013"
      queryText="(let _eClass_:ecore::EClass = modelFacet.metaClass.ecoreClass in _eClass_.ePackage.nsURI = 'www.uca.es/modeling/cep/eventpattern' and _eClass_.name = 'LessThan') and (let _containmentMF_:ecore::EStructuralFeature = modelFacet.containmentMetaFeature.ecoreFeature in (let _eClass_:ecore::EClass = _containmentMF_.eContainingClass in _eClass_.ePackage.nsURI = 'www.uca.es/modeling/cep/eventpattern' and _eClass_.name = 'WithinTimer') and _containmentMF_.name = 'withinTimerElements')"/>
  <childNodeTraces
      visualID="3014"
      queryText="(let _eClass_:ecore::EClass = modelFacet.metaClass.ecoreClass in _eClass_.ePackage.nsURI = 'www.uca.es/modeling/cep/eventpattern' and _eClass_.name = 'GreaterThan') and (let _containmentMF_:ecore::EStructuralFeature = modelFacet.containmentMetaFeature.ecoreFeature in (let _eClass_:ecore::EClass = _containmentMF_.eContainingClass in _eClass_.ePackage.nsURI = 'www.uca.es/modeling/cep/eventpattern' and _eClass_.name = 'WithinTimer') and _containmentMF_.name = 'withinTimerElements')"/>
  <childNodeTraces
      visualID="3015"
      queryText="(let _eClass_:ecore::EClass = modelFacet.metaClass.ecoreClass in _eClass_.ePackage.nsURI = 'www.uca.es/modeling/cep/eventpattern' and _eClass_.name = 'LessEqual') and (let _containmentMF_:ecore::EStructuralFeature = modelFacet.containmentMetaFeature.ecoreFeature in (let _eClass_:ecore::EClass = _containmentMF_.eContainingClass in _eClass_.ePackage.nsURI = 'www.uca.es/modeling/cep/eventpattern' and _eClass_.name = 'WithinTimer') and _containmentMF_.name = 'withinTimerElements')"/>
  <childNodeTraces
      visualID="3016"
      queryText="(let _eClass_:ecore::EClass = modelFacet.metaClass.ecoreClass in _eClass_.ePackage.nsURI = 'www.uca.es/modeling/cep/eventpattern' and _eClass_.name = 'GreaterEqual') and (let _containmentMF_:ecore::EStructuralFeature = modelFacet.containmentMetaFeature.ecoreFeature in (let _eClass_:ecore::EClass = _containmentMF_.eContainingClass in _eClass_.ePackage.nsURI = 'www.uca.es/modeling/cep/eventpattern' and _eClass_.name = 'WithinTimer') and _containmentMF_.name = 'withinTimerElements')"/>
  <childNodeTraces
      visualID="3017"
      queryText="(let _eClass_:ecore::EClass = modelFacet.metaClass.ecoreClass in _eClass_.ePackage.nsURI = 'www.uca.es/modeling/cep/eventpattern' and _eClass_.name = 'Every') and (let _containmentMF_:ecore::EStructuralFeature = modelFacet.containmentMetaFeature.ecoreFeature in (let _eClass_:ecore::EClass = _containmentMF_.eContainingClass in _eClass_.ePackage.nsURI = 'www.uca.es/modeling/cep/eventpattern' and _eClass_.name = 'WithinTimer') and _containmentMF_.name = 'withinTimerElements')"/>
  <childNodeTraces
      visualID="3018"
      queryText="(let _eClass_:ecore::EClass = modelFacet.metaClass.ecoreClass in _eClass_.ePackage.nsURI = 'www.uca.es/modeling/cep/eventpattern' and _eClass_.name = 'EveryDistinct') and (let _containmentMF_:ecore::EStructuralFeature = modelFacet.containmentMetaFeature.ecoreFeature in (let _eClass_:ecore::EClass = _containmentMF_.eContainingClass in _eClass_.ePackage.nsURI = 'www.uca.es/modeling/cep/eventpattern' and _eClass_.name = 'WithinTimer') and _containmentMF_.name = 'withinTimerElements')"/>
  <childNodeTraces
      visualID="3019"
      queryText="(let _eClass_:ecore::EClass = modelFacet.metaClass.ecoreClass in _eClass_.ePackage.nsURI = 'www.uca.es/modeling/cep/eventpattern' and _eClass_.name = 'Repeat') and (let _containmentMF_:ecore::EStructuralFeature = modelFacet.containmentMetaFeature.ecoreFeature in (let _eClass_:ecore::EClass = _containmentMF_.eContainingClass in _eClass_.ePackage.nsURI = 'www.uca.es/modeling/cep/eventpattern' and _eClass_.name = 'WithinTimer') and _containmentMF_.name = 'withinTimerElements')">
    <nodeLabelTraces
        visualID="5048"
        queryText="true"/>
  </childNodeTraces>
  <childNodeTraces
      visualID="3020"
      queryText="(let _eClass_:ecore::EClass = modelFacet.metaClass.ecoreClass in _eClass_.ePackage.nsURI = 'www.uca.es/modeling/cep/eventpattern' and _eClass_.name = 'Until') and (let _containmentMF_:ecore::EStructuralFeature = modelFacet.containmentMetaFeature.ecoreFeature in (let _eClass_:ecore::EClass = _containmentMF_.eContainingClass in _eClass_.ePackage.nsURI = 'www.uca.es/modeling/cep/eventpattern' and _eClass_.name = 'WithinTimer') and _containmentMF_.name = 'withinTimerElements')"/>
  <childNodeTraces
      visualID="3021"
      queryText="(let _eClass_:ecore::EClass = modelFacet.metaClass.ecoreClass in _eClass_.ePackage.nsURI = 'www.uca.es/modeling/cep/eventpattern' and _eClass_.name = 'Range') and (let _containmentMF_:ecore::EStructuralFeature = modelFacet.containmentMetaFeature.ecoreFeature in (let _eClass_:ecore::EClass = _containmentMF_.eContainingClass in _eClass_.ePackage.nsURI = 'www.uca.es/modeling/cep/eventpattern' and _eClass_.name = 'WithinTimer') and _containmentMF_.name = 'withinTimerElements')">
    <nodeLabelTraces
        visualID="5050"
        queryText="true"/>
  </childNodeTraces>
  <childNodeTraces
      visualID="3022"
      queryText="(let _eClass_:ecore::EClass = modelFacet.metaClass.ecoreClass in _eClass_.ePackage.nsURI = 'www.uca.es/modeling/cep/eventpattern' and _eClass_.name = 'FollowedBy') and (let _containmentMF_:ecore::EStructuralFeature = modelFacet.containmentMetaFeature.ecoreFeature in (let _eClass_:ecore::EClass = _containmentMF_.eContainingClass in _eClass_.ePackage.nsURI = 'www.uca.es/modeling/cep/eventpattern' and _eClass_.name = 'WithinTimer') and _containmentMF_.name = 'withinTimerElements')"/>
  <childNodeTraces
      visualID="3023"
      queryText="(let _eClass_:ecore::EClass = modelFacet.metaClass.ecoreClass in _eClass_.ePackage.nsURI = 'www.uca.es/modeling/cep/eventpattern' and _eClass_.name = 'While') and (let _containmentMF_:ecore::EStructuralFeature = modelFacet.containmentMetaFeature.ecoreFeature in (let _eClass_:ecore::EClass = _containmentMF_.eContainingClass in _eClass_.ePackage.nsURI = 'www.uca.es/modeling/cep/eventpattern' and _eClass_.name = 'WithinTimer') and _containmentMF_.name = 'withinTimerElements')"/>
  <childNodeTraces
      visualID="3024"
      queryText="(let _eClass_:ecore::EClass = modelFacet.metaClass.ecoreClass in _eClass_.ePackage.nsURI = 'www.uca.es/modeling/cep/eventpattern' and _eClass_.name = 'Event') and (let _containmentMF_:ecore::EStructuralFeature = modelFacet.containmentMetaFeature.ecoreFeature in (let _eClass_:ecore::EClass = _containmentMF_.eContainingClass in _eClass_.ePackage.nsURI = 'www.uca.es/modeling/cep/eventpattern' and _eClass_.name = 'WithinTimer') and _containmentMF_.name = 'withinTimerElements')">
    <nodeLabelTraces
        visualID="5053"
        queryText="true"/>
    <compartmentTraces
        visualID="7006"
        queryText="true"/>
  </childNodeTraces>
  <childNodeTraces
      visualID="3025"
      queryText="(let _eClass_:ecore::EClass = modelFacet.metaClass.ecoreClass in _eClass_.ePackage.nsURI = 'www.uca.es/modeling/cep/eventpattern' and _eClass_.name = 'EventProperty') and (let _containmentMF_:ecore::EStructuralFeature = modelFacet.containmentMetaFeature.ecoreFeature in (let _eClass_:ecore::EClass = _containmentMF_.eContainingClass in _eClass_.ePackage.nsURI = 'www.uca.es/modeling/cep/eventpattern' and _eClass_.name = 'WithinTimer') and _containmentMF_.name = 'withinTimerElements')">
    <nodeLabelTraces
        visualID="5054"
        queryText="true"/>
    <compartmentTraces
        visualID="7007"
        queryText="true"/>
  </childNodeTraces>
  <childNodeTraces
      visualID="3026"
      queryText="(let _eClass_:ecore::EClass = modelFacet.metaClass.ecoreClass in _eClass_.ePackage.nsURI = 'www.uca.es/modeling/cep/eventpattern' and _eClass_.name = 'Value') and (let _containmentMF_:ecore::EStructuralFeature = modelFacet.containmentMetaFeature.ecoreFeature in (let _eClass_:ecore::EClass = _containmentMF_.eContainingClass in _eClass_.ePackage.nsURI = 'www.uca.es/modeling/cep/eventpattern' and _eClass_.name = 'WithinTimer') and _containmentMF_.name = 'withinTimerElements')">
    <nodeLabelTraces
        visualID="5055"
        queryText="true"/>
  </childNodeTraces>
  <childNodeTraces
      visualID="3027"
      queryText="(let _eClass_:ecore::EClass = modelFacet.metaClass.ecoreClass in _eClass_.ePackage.nsURI = 'www.uca.es/modeling/cep/eventpattern' and _eClass_.name = 'And') and (let _containmentMF_:ecore::EStructuralFeature = modelFacet.containmentMetaFeature.ecoreFeature in (let _eClass_:ecore::EClass = _containmentMF_.eContainingClass in _eClass_.ePackage.nsURI = 'www.uca.es/modeling/cep/eventpattern' and _eClass_.name = 'DataWindow') and _containmentMF_.name = 'eventPatternConditions')"/>
  <childNodeTraces
      visualID="3028"
      queryText="(let _eClass_:ecore::EClass = modelFacet.metaClass.ecoreClass in _eClass_.ePackage.nsURI = 'www.uca.es/modeling/cep/eventpattern' and _eClass_.name = 'Or') and (let _containmentMF_:ecore::EStructuralFeature = modelFacet.containmentMetaFeature.ecoreFeature in (let _eClass_:ecore::EClass = _containmentMF_.eContainingClass in _eClass_.ePackage.nsURI = 'www.uca.es/modeling/cep/eventpattern' and _eClass_.name = 'DataWindow') and _containmentMF_.name = 'eventPatternConditions')"/>
  <childNodeTraces
      visualID="3029"
      queryText="(let _eClass_:ecore::EClass = modelFacet.metaClass.ecoreClass in _eClass_.ePackage.nsURI = 'www.uca.es/modeling/cep/eventpattern' and _eClass_.name = 'Not') and (let _containmentMF_:ecore::EStructuralFeature = modelFacet.containmentMetaFeature.ecoreFeature in (let _eClass_:ecore::EClass = _containmentMF_.eContainingClass in _eClass_.ePackage.nsURI = 'www.uca.es/modeling/cep/eventpattern' and _eClass_.name = 'DataWindow') and _containmentMF_.name = 'eventPatternConditions')"/>
  <childNodeTraces
      visualID="3030"
      queryText="(let _eClass_:ecore::EClass = modelFacet.metaClass.ecoreClass in _eClass_.ePackage.nsURI = 'www.uca.es/modeling/cep/eventpattern' and _eClass_.name = 'Addition') and (let _containmentMF_:ecore::EStructuralFeature = modelFacet.containmentMetaFeature.ecoreFeature in (let _eClass_:ecore::EClass = _containmentMF_.eContainingClass in _eClass_.ePackage.nsURI = 'www.uca.es/modeling/cep/eventpattern' and _eClass_.name = 'DataWindow') and _containmentMF_.name = 'eventPatternConditions')"/>
  <childNodeTraces
      visualID="3031"
      queryText="(let _eClass_:ecore::EClass = modelFacet.metaClass.ecoreClass in _eClass_.ePackage.nsURI = 'www.uca.es/modeling/cep/eventpattern' and _eClass_.name = 'Subtraction') and (let _containmentMF_:ecore::EStructuralFeature = modelFacet.containmentMetaFeature.ecoreFeature in (let _eClass_:ecore::EClass = _containmentMF_.eContainingClass in _eClass_.ePackage.nsURI = 'www.uca.es/modeling/cep/eventpattern' and _eClass_.name = 'DataWindow') and _containmentMF_.name = 'eventPatternConditions')"/>
  <childNodeTraces
      visualID="3032"
      queryText="(let _eClass_:ecore::EClass = modelFacet.metaClass.ecoreClass in _eClass_.ePackage.nsURI = 'www.uca.es/modeling/cep/eventpattern' and _eClass_.name = 'Multiplication') and (let _containmentMF_:ecore::EStructuralFeature = modelFacet.containmentMetaFeature.ecoreFeature in (let _eClass_:ecore::EClass = _containmentMF_.eContainingClass in _eClass_.ePackage.nsURI = 'www.uca.es/modeling/cep/eventpattern' and _eClass_.name = 'DataWindow') and _containmentMF_.name = 'eventPatternConditions')"/>
  <childNodeTraces
      visualID="3033"
      queryText="(let _eClass_:ecore::EClass = modelFacet.metaClass.ecoreClass in _eClass_.ePackage.nsURI = 'www.uca.es/modeling/cep/eventpattern' and _eClass_.name = 'Division') and (let _containmentMF_:ecore::EStructuralFeature = modelFacet.containmentMetaFeature.ecoreFeature in (let _eClass_:ecore::EClass = _containmentMF_.eContainingClass in _eClass_.ePackage.nsURI = 'www.uca.es/modeling/cep/eventpattern' and _eClass_.name = 'DataWindow') and _containmentMF_.name = 'eventPatternConditions')"/>
  <childNodeTraces
      visualID="3034"
      queryText="(let _eClass_:ecore::EClass = modelFacet.metaClass.ecoreClass in _eClass_.ePackage.nsURI = 'www.uca.es/modeling/cep/eventpattern' and _eClass_.name = 'Modulus') and (let _containmentMF_:ecore::EStructuralFeature = modelFacet.containmentMetaFeature.ecoreFeature in (let _eClass_:ecore::EClass = _containmentMF_.eContainingClass in _eClass_.ePackage.nsURI = 'www.uca.es/modeling/cep/eventpattern' and _eClass_.name = 'DataWindow') and _containmentMF_.name = 'eventPatternConditions')"/>
  <childNodeTraces
      visualID="3035"
      queryText="(let _eClass_:ecore::EClass = modelFacet.metaClass.ecoreClass in _eClass_.ePackage.nsURI = 'www.uca.es/modeling/cep/eventpattern' and _eClass_.name = 'Equal') and (let _containmentMF_:ecore::EStructuralFeature = modelFacet.containmentMetaFeature.ecoreFeature in (let _eClass_:ecore::EClass = _containmentMF_.eContainingClass in _eClass_.ePackage.nsURI = 'www.uca.es/modeling/cep/eventpattern' and _eClass_.name = 'DataWindow') and _containmentMF_.name = 'eventPatternConditions')"/>
  <childNodeTraces
      visualID="3036"
      queryText="(let _eClass_:ecore::EClass = modelFacet.metaClass.ecoreClass in _eClass_.ePackage.nsURI = 'www.uca.es/modeling/cep/eventpattern' and _eClass_.name = 'NotEqual') and (let _containmentMF_:ecore::EStructuralFeature = modelFacet.containmentMetaFeature.ecoreFeature in (let _eClass_:ecore::EClass = _containmentMF_.eContainingClass in _eClass_.ePackage.nsURI = 'www.uca.es/modeling/cep/eventpattern' and _eClass_.name = 'DataWindow') and _containmentMF_.name = 'eventPatternConditions')"/>
  <childNodeTraces
      visualID="3037"
      queryText="(let _eClass_:ecore::EClass = modelFacet.metaClass.ecoreClass in _eClass_.ePackage.nsURI = 'www.uca.es/modeling/cep/eventpattern' and _eClass_.name = 'LessThan') and (let _containmentMF_:ecore::EStructuralFeature = modelFacet.containmentMetaFeature.ecoreFeature in (let _eClass_:ecore::EClass = _containmentMF_.eContainingClass in _eClass_.ePackage.nsURI = 'www.uca.es/modeling/cep/eventpattern' and _eClass_.name = 'DataWindow') and _containmentMF_.name = 'eventPatternConditions')"/>
  <childNodeTraces
      visualID="3038"
      queryText="(let _eClass_:ecore::EClass = modelFacet.metaClass.ecoreClass in _eClass_.ePackage.nsURI = 'www.uca.es/modeling/cep/eventpattern' and _eClass_.name = 'GreaterThan') and (let _containmentMF_:ecore::EStructuralFeature = modelFacet.containmentMetaFeature.ecoreFeature in (let _eClass_:ecore::EClass = _containmentMF_.eContainingClass in _eClass_.ePackage.nsURI = 'www.uca.es/modeling/cep/eventpattern' and _eClass_.name = 'DataWindow') and _containmentMF_.name = 'eventPatternConditions')"/>
  <childNodeTraces
      visualID="3039"
      queryText="(let _eClass_:ecore::EClass = modelFacet.metaClass.ecoreClass in _eClass_.ePackage.nsURI = 'www.uca.es/modeling/cep/eventpattern' and _eClass_.name = 'LessEqual') and (let _containmentMF_:ecore::EStructuralFeature = modelFacet.containmentMetaFeature.ecoreFeature in (let _eClass_:ecore::EClass = _containmentMF_.eContainingClass in _eClass_.ePackage.nsURI = 'www.uca.es/modeling/cep/eventpattern' and _eClass_.name = 'DataWindow') and _containmentMF_.name = 'eventPatternConditions')"/>
  <childNodeTraces
      visualID="3040"
      queryText="(let _eClass_:ecore::EClass = modelFacet.metaClass.ecoreClass in _eClass_.ePackage.nsURI = 'www.uca.es/modeling/cep/eventpattern' and _eClass_.name = 'GreaterEqual') and (let _containmentMF_:ecore::EStructuralFeature = modelFacet.containmentMetaFeature.ecoreFeature in (let _eClass_:ecore::EClass = _containmentMF_.eContainingClass in _eClass_.ePackage.nsURI = 'www.uca.es/modeling/cep/eventpattern' and _eClass_.name = 'DataWindow') and _containmentMF_.name = 'eventPatternConditions')"/>
  <childNodeTraces
      visualID="3041"
      queryText="(let _eClass_:ecore::EClass = modelFacet.metaClass.ecoreClass in _eClass_.ePackage.nsURI = 'www.uca.es/modeling/cep/eventpattern' and _eClass_.name = 'Every') and (let _containmentMF_:ecore::EStructuralFeature = modelFacet.containmentMetaFeature.ecoreFeature in (let _eClass_:ecore::EClass = _containmentMF_.eContainingClass in _eClass_.ePackage.nsURI = 'www.uca.es/modeling/cep/eventpattern' and _eClass_.name = 'DataWindow') and _containmentMF_.name = 'eventPatternConditions')"/>
  <childNodeTraces
      visualID="3042"
      queryText="(let _eClass_:ecore::EClass = modelFacet.metaClass.ecoreClass in _eClass_.ePackage.nsURI = 'www.uca.es/modeling/cep/eventpattern' and _eClass_.name = 'EveryDistinct') and (let _containmentMF_:ecore::EStructuralFeature = modelFacet.containmentMetaFeature.ecoreFeature in (let _eClass_:ecore::EClass = _containmentMF_.eContainingClass in _eClass_.ePackage.nsURI = 'www.uca.es/modeling/cep/eventpattern' and _eClass_.name = 'DataWindow') and _containmentMF_.name = 'eventPatternConditions')"/>
  <childNodeTraces
      visualID="3043"
      queryText="(let _eClass_:ecore::EClass = modelFacet.metaClass.ecoreClass in _eClass_.ePackage.nsURI = 'www.uca.es/modeling/cep/eventpattern' and _eClass_.name = 'Repeat') and (let _containmentMF_:ecore::EStructuralFeature = modelFacet.containmentMetaFeature.ecoreFeature in (let _eClass_:ecore::EClass = _containmentMF_.eContainingClass in _eClass_.ePackage.nsURI = 'www.uca.es/modeling/cep/eventpattern' and _eClass_.name = 'DataWindow') and _containmentMF_.name = 'eventPatternConditions')">
    <nodeLabelTraces
        visualID="5076"
        queryText="true"/>
  </childNodeTraces>
  <childNodeTraces
      visualID="3044"
      queryText="(let _eClass_:ecore::EClass = modelFacet.metaClass.ecoreClass in _eClass_.ePackage.nsURI = 'www.uca.es/modeling/cep/eventpattern' and _eClass_.name = 'Until') and (let _containmentMF_:ecore::EStructuralFeature = modelFacet.containmentMetaFeature.ecoreFeature in (let _eClass_:ecore::EClass = _containmentMF_.eContainingClass in _eClass_.ePackage.nsURI = 'www.uca.es/modeling/cep/eventpattern' and _eClass_.name = 'DataWindow') and _containmentMF_.name = 'eventPatternConditions')"/>
  <childNodeTraces
      visualID="3045"
      queryText="(let _eClass_:ecore::EClass = modelFacet.metaClass.ecoreClass in _eClass_.ePackage.nsURI = 'www.uca.es/modeling/cep/eventpattern' and _eClass_.name = 'Range') and (let _containmentMF_:ecore::EStructuralFeature = modelFacet.containmentMetaFeature.ecoreFeature in (let _eClass_:ecore::EClass = _containmentMF_.eContainingClass in _eClass_.ePackage.nsURI = 'www.uca.es/modeling/cep/eventpattern' and _eClass_.name = 'DataWindow') and _containmentMF_.name = 'eventPatternConditions')">
    <nodeLabelTraces
        visualID="5078"
        queryText="true"/>
  </childNodeTraces>
  <childNodeTraces
      visualID="3046"
      queryText="(let _eClass_:ecore::EClass = modelFacet.metaClass.ecoreClass in _eClass_.ePackage.nsURI = 'www.uca.es/modeling/cep/eventpattern' and _eClass_.name = 'FollowedBy') and (let _containmentMF_:ecore::EStructuralFeature = modelFacet.containmentMetaFeature.ecoreFeature in (let _eClass_:ecore::EClass = _containmentMF_.eContainingClass in _eClass_.ePackage.nsURI = 'www.uca.es/modeling/cep/eventpattern' and _eClass_.name = 'DataWindow') and _containmentMF_.name = 'eventPatternConditions')"/>
  <childNodeTraces
      visualID="3047"
      queryText="(let _eClass_:ecore::EClass = modelFacet.metaClass.ecoreClass in _eClass_.ePackage.nsURI = 'www.uca.es/modeling/cep/eventpattern' and _eClass_.name = 'While') and (let _containmentMF_:ecore::EStructuralFeature = modelFacet.containmentMetaFeature.ecoreFeature in (let _eClass_:ecore::EClass = _containmentMF_.eContainingClass in _eClass_.ePackage.nsURI = 'www.uca.es/modeling/cep/eventpattern' and _eClass_.name = 'DataWindow') and _containmentMF_.name = 'eventPatternConditions')"/>
  <childNodeTraces
      visualID="3048"
      queryText="(let _eClass_:ecore::EClass = modelFacet.metaClass.ecoreClass in _eClass_.ePackage.nsURI = 'www.uca.es/modeling/cep/eventpattern' and _eClass_.name = 'Max') and (let _containmentMF_:ecore::EStructuralFeature = modelFacet.containmentMetaFeature.ecoreFeature in (let _eClass_:ecore::EClass = _containmentMF_.eContainingClass in _eClass_.ePackage.nsURI = 'www.uca.es/modeling/cep/eventpattern' and _eClass_.name = 'DataWindow') and _containmentMF_.name = 'eventPatternConditions')"/>
  <childNodeTraces
      visualID="3049"
      queryText="(let _eClass_:ecore::EClass = modelFacet.metaClass.ecoreClass in _eClass_.ePackage.nsURI = 'www.uca.es/modeling/cep/eventpattern' and _eClass_.name = 'Min') and (let _containmentMF_:ecore::EStructuralFeature = modelFacet.containmentMetaFeature.ecoreFeature in (let _eClass_:ecore::EClass = _containmentMF_.eContainingClass in _eClass_.ePackage.nsURI = 'www.uca.es/modeling/cep/eventpattern' and _eClass_.name = 'DataWindow') and _containmentMF_.name = 'eventPatternConditions')"/>
  <childNodeTraces
      visualID="3050"
      queryText="(let _eClass_:ecore::EClass = modelFacet.metaClass.ecoreClass in _eClass_.ePackage.nsURI = 'www.uca.es/modeling/cep/eventpattern' and _eClass_.name = 'Avg') and (let _containmentMF_:ecore::EStructuralFeature = modelFacet.containmentMetaFeature.ecoreFeature in (let _eClass_:ecore::EClass = _containmentMF_.eContainingClass in _eClass_.ePackage.nsURI = 'www.uca.es/modeling/cep/eventpattern' and _eClass_.name = 'DataWindow') and _containmentMF_.name = 'eventPatternConditions')"/>
  <childNodeTraces
      visualID="3051"
      queryText="(let _eClass_:ecore::EClass = modelFacet.metaClass.ecoreClass in _eClass_.ePackage.nsURI = 'www.uca.es/modeling/cep/eventpattern' and _eClass_.name = 'Count') and (let _containmentMF_:ecore::EStructuralFeature = modelFacet.containmentMetaFeature.ecoreFeature in (let _eClass_:ecore::EClass = _containmentMF_.eContainingClass in _eClass_.ePackage.nsURI = 'www.uca.es/modeling/cep/eventpattern' and _eClass_.name = 'DataWindow') and _containmentMF_.name = 'eventPatternConditions')"/>
  <childNodeTraces
      visualID="3052"
      queryText="(let _eClass_:ecore::EClass = modelFacet.metaClass.ecoreClass in _eClass_.ePackage.nsURI = 'www.uca.es/modeling/cep/eventpattern' and _eClass_.name = 'Sum') and (let _containmentMF_:ecore::EStructuralFeature = modelFacet.containmentMetaFeature.ecoreFeature in (let _eClass_:ecore::EClass = _containmentMF_.eContainingClass in _eClass_.ePackage.nsURI = 'www.uca.es/modeling/cep/eventpattern' and _eClass_.name = 'DataWindow') and _containmentMF_.name = 'eventPatternConditions')"/>
  <childNodeTraces
      visualID="3053"
      queryText="(let _eClass_:ecore::EClass = modelFacet.metaClass.ecoreClass in _eClass_.ePackage.nsURI = 'www.uca.es/modeling/cep/eventpattern' and _eClass_.name = 'Event') and (let _containmentMF_:ecore::EStructuralFeature = modelFacet.containmentMetaFeature.ecoreFeature in (let _eClass_:ecore::EClass = _containmentMF_.eContainingClass in _eClass_.ePackage.nsURI = 'www.uca.es/modeling/cep/eventpattern' and _eClass_.name = 'DataWindow') and _containmentMF_.name = 'eventPatternConditions')">
    <nodeLabelTraces
        visualID="5086"
        queryText="true"/>
    <compartmentTraces
        visualID="7009"
        queryText="true"/>
  </childNodeTraces>
  <childNodeTraces
      visualID="3054"
      queryText="(let _eClass_:ecore::EClass = modelFacet.metaClass.ecoreClass in _eClass_.ePackage.nsURI = 'www.uca.es/modeling/cep/eventpattern' and _eClass_.name = 'EventProperty') and (let _containmentMF_:ecore::EStructuralFeature = modelFacet.containmentMetaFeature.ecoreFeature in (let _eClass_:ecore::EClass = _containmentMF_.eContainingClass in _eClass_.ePackage.nsURI = 'www.uca.es/modeling/cep/eventpattern' and _eClass_.name = 'DataWindow') and _containmentMF_.name = 'eventPatternConditions')">
    <nodeLabelTraces
        visualID="5087"
        queryText="true"/>
    <compartmentTraces
        visualID="7010"
        queryText="true"/>
  </childNodeTraces>
  <childNodeTraces
      visualID="3055"
      queryText="(let _eClass_:ecore::EClass = modelFacet.metaClass.ecoreClass in _eClass_.ePackage.nsURI = 'www.uca.es/modeling/cep/eventpattern' and _eClass_.name = 'Value') and (let _containmentMF_:ecore::EStructuralFeature = modelFacet.containmentMetaFeature.ecoreFeature in (let _eClass_:ecore::EClass = _containmentMF_.eContainingClass in _eClass_.ePackage.nsURI = 'www.uca.es/modeling/cep/eventpattern' and _eClass_.name = 'DataWindow') and _containmentMF_.name = 'eventPatternConditions')">
    <nodeLabelTraces
        visualID="5088"
        queryText="true"/>
  </childNodeTraces>
  <childNodeTraces
      visualID="3056"
      queryText="(let _eClass_:ecore::EClass = modelFacet.metaClass.ecoreClass in _eClass_.ePackage.nsURI = 'www.uca.es/modeling/cep/eventpattern' and _eClass_.name = 'WithinTimer') and (let _containmentMF_:ecore::EStructuralFeature = modelFacet.containmentMetaFeature.ecoreFeature in (let _eClass_:ecore::EClass = _containmentMF_.eContainingClass in _eClass_.ePackage.nsURI = 'www.uca.es/modeling/cep/eventpattern' and _eClass_.name = 'DataWindow') and _containmentMF_.name = 'eventPatternConditions')">
    <nodeLabelTraces
        visualID="5089"
        queryText="true"/>
    <compartmentTraces
        visualID="7011"
        queryText="true"/>
  </childNodeTraces>
  <childNodeTraces
      visualID="3057"
      queryText="(let _eClass_:ecore::EClass = modelFacet.metaClass.ecoreClass in _eClass_.ePackage.nsURI = 'www.uca.es/modeling/cep/eventpattern' and _eClass_.name = 'TimeInterval') and (let _containmentMF_:ecore::EStructuralFeature = modelFacet.containmentMetaFeature.ecoreFeature in (let _eClass_:ecore::EClass = _containmentMF_.eContainingClass in _eClass_.ePackage.nsURI = 'www.uca.es/modeling/cep/eventpattern' and _eClass_.name = 'DataWindow') and _containmentMF_.name = 'eventPatternConditions')">
    <nodeLabelTraces
        visualID="5090"
        queryText="true"/>
  </childNodeTraces>
  <childNodeTraces
      visualID="3058"
      queryText="(let _eClass_:ecore::EClass = modelFacet.metaClass.ecoreClass in _eClass_.ePackage.nsURI = 'www.uca.es/modeling/cep/eventpattern' and _eClass_.name = 'TimeSchedule') and (let _containmentMF_:ecore::EStructuralFeature = modelFacet.containmentMetaFeature.ecoreFeature in (let _eClass_:ecore::EClass = _containmentMF_.eContainingClass in _eClass_.ePackage.nsURI = 'www.uca.es/modeling/cep/eventpattern' and _eClass_.name = 'DataWindow') and _containmentMF_.name = 'eventPatternConditions')">
    <nodeLabelTraces
        visualID="5091"
        queryText="true"/>
  </childNodeTraces>
  <childNodeTraces
      visualID="3059"
      queryText="(let _eClass_:ecore::EClass = modelFacet.metaClass.ecoreClass in _eClass_.ePackage.nsURI = 'www.uca.es/modeling/cep/eventpattern' and _eClass_.name = 'ComplexEventProperty') and (let _containmentMF_:ecore::EStructuralFeature = modelFacet.containmentMetaFeature.ecoreFeature in (let _eClass_:ecore::EClass = _containmentMF_.eContainingClass in _eClass_.ePackage.nsURI = 'www.uca.es/modeling/cep/eventpattern' and _eClass_.name = 'ComplexEvent') and _containmentMF_.name = 'complexEventProperties')">
    <nodeLabelTraces
        visualID="5096"
        queryText="true"/>
  </childNodeTraces>
  <linkTraces
      visualID="4001"
      queryText="modelFacet.oclIsKindOf(gmfgen::TypeLinkModelFacet) and (let _eClass_:ecore::EClass = modelFacet.oclAsType(gmfgen::TypeLinkModelFacet).metaClass.ecoreClass in _eClass_.ePackage.nsURI = 'www.uca.es/modeling/cep/eventpattern' and _eClass_.name = 'Link')">
    <linkLabelTraces
        visualID="6001"
        queryText="true"/>
  </linkTraces>
</trace:TraceModel>
