<?xml version="1.0" encoding="UTF-8"?>
<trace:TraceModel
    xmi:version="2.0"
    xmlns:xmi="http://www.omg.org/XMI"
    xmlns:trace="http://www.eclipse.org/gmf/2006/Trace">
  <nodeTraces
      visualID="2001"
      queryText="(let _eClass_:ecore::EClass = modelFacet.metaClass.ecoreClass in _eClass_.ePackage.nsURI = 'www.uca.es/modeling/cep/cepapp' and _eClass_.name = 'InputFile') and (let _containmentMF_:ecore::EStructuralFeature = modelFacet.containmentMetaFeature.ecoreFeature in (let _eClass_:ecore::EClass = _containmentMF_.eContainingClass in _eClass_.ePackage.nsURI = 'www.uca.es/modeling/cep/cepapp' and _eClass_.name = 'CEPApp') and _containmentMF_.name = 'sourceElements')"/>
  <nodeTraces
      visualID="2003"
      queryText="(let _eClass_:ecore::EClass = modelFacet.metaClass.ecoreClass in _eClass_.ePackage.nsURI = 'www.uca.es/modeling/cep/cepapp' and _eClass_.name = 'SourceHttp') and (let _containmentMF_:ecore::EStructuralFeature = modelFacet.containmentMetaFeature.ecoreFeature in (let _eClass_:ecore::EClass = _containmentMF_.eContainingClass in _eClass_.ePackage.nsURI = 'www.uca.es/modeling/cep/cepapp' and _eClass_.name = 'CEPApp') and _containmentMF_.name = 'sourceElements')"/>
  <nodeTraces
      visualID="2004"
      queryText="(let _eClass_:ecore::EClass = modelFacet.metaClass.ecoreClass in _eClass_.ePackage.nsURI = 'www.uca.es/modeling/cep/cepapp' and _eClass_.name = 'SourceMqtt') and (let _containmentMF_:ecore::EStructuralFeature = modelFacet.containmentMetaFeature.ecoreFeature in (let _eClass_:ecore::EClass = _containmentMF_.eContainingClass in _eClass_.ePackage.nsURI = 'www.uca.es/modeling/cep/cepapp' and _eClass_.name = 'CEPApp') and _containmentMF_.name = 'sourceElements')"/>
  <nodeTraces
      visualID="2005"
      queryText="(let _eClass_:ecore::EClass = modelFacet.metaClass.ecoreClass in _eClass_.ePackage.nsURI = 'www.uca.es/modeling/cep/cepapp' and _eClass_.name = 'OutputFile') and (let _containmentMF_:ecore::EStructuralFeature = modelFacet.containmentMetaFeature.ecoreFeature in (let _eClass_:ecore::EClass = _containmentMF_.eContainingClass in _eClass_.ePackage.nsURI = 'www.uca.es/modeling/cep/cepapp' and _eClass_.name = 'CEPApp') and _containmentMF_.name = 'sinkElements')"/>
  <nodeTraces
      visualID="2007"
      queryText="(let _eClass_:ecore::EClass = modelFacet.metaClass.ecoreClass in _eClass_.ePackage.nsURI = 'www.uca.es/modeling/cep/cepapp' and _eClass_.name = 'SinkHttp') and (let _containmentMF_:ecore::EStructuralFeature = modelFacet.containmentMetaFeature.ecoreFeature in (let _eClass_:ecore::EClass = _containmentMF_.eContainingClass in _eClass_.ePackage.nsURI = 'www.uca.es/modeling/cep/cepapp' and _eClass_.name = 'CEPApp') and _containmentMF_.name = 'sinkElements')"/>
  <nodeTraces
      visualID="2008"
      queryText="(let _eClass_:ecore::EClass = modelFacet.metaClass.ecoreClass in _eClass_.ePackage.nsURI = 'www.uca.es/modeling/cep/cepapp' and _eClass_.name = 'SinkMqtt') and (let _containmentMF_:ecore::EStructuralFeature = modelFacet.containmentMetaFeature.ecoreFeature in (let _eClass_:ecore::EClass = _containmentMF_.eContainingClass in _eClass_.ePackage.nsURI = 'www.uca.es/modeling/cep/cepapp' and _eClass_.name = 'CEPApp') and _containmentMF_.name = 'sinkElements')"/>
  <nodeTraces
      visualID="2009"
      queryText="(let _eClass_:ecore::EClass = modelFacet.metaClass.ecoreClass in _eClass_.ePackage.nsURI = 'www.uca.es/modeling/cep/cepapp' and _eClass_.name = 'Event') and (let _containmentMF_:ecore::EStructuralFeature = modelFacet.containmentMetaFeature.ecoreFeature in (let _eClass_:ecore::EClass = _containmentMF_.eContainingClass in _eClass_.ePackage.nsURI = 'www.uca.es/modeling/cep/cepapp' and _eClass_.name = 'CEPApp') and _containmentMF_.name = 'sourceElements')">
    <nodeLabelTraces
        visualID="5003"
        queryText="true"/>
    <compartmentTraces
        visualID="7001"
        queryText="true"/>
  </nodeTraces>
  <nodeTraces
      visualID="2010"
      queryText="(let _eClass_:ecore::EClass = modelFacet.metaClass.ecoreClass in _eClass_.ePackage.nsURI = 'www.uca.es/modeling/cep/cepapp' and _eClass_.name = 'ComplexEvent') and (let _containmentMF_:ecore::EStructuralFeature = modelFacet.containmentMetaFeature.ecoreFeature in (let _eClass_:ecore::EClass = _containmentMF_.eContainingClass in _eClass_.ePackage.nsURI = 'www.uca.es/modeling/cep/cepapp' and _eClass_.name = 'CEPApp') and _containmentMF_.name = 'sinkElements')">
    <nodeLabelTraces
        visualID="5004"
        queryText="true"/>
    <compartmentTraces
        visualID="7004"
        queryText="true"/>
  </nodeTraces>
  <nodeTraces
      visualID="2019"
      queryText="(let _eClass_:ecore::EClass = modelFacet.metaClass.ecoreClass in _eClass_.ePackage.nsURI = 'www.uca.es/modeling/cep/cepapp' and _eClass_.name = 'SinkMongoDB') and (let _containmentMF_:ecore::EStructuralFeature = modelFacet.containmentMetaFeature.ecoreFeature in (let _eClass_:ecore::EClass = _containmentMF_.eContainingClass in _eClass_.ePackage.nsURI = 'www.uca.es/modeling/cep/cepapp' and _eClass_.name = 'CEPApp') and _containmentMF_.name = 'sinkElements')"/>
  <nodeTraces
      visualID="2021"
      queryText="(let _eClass_:ecore::EClass = modelFacet.metaClass.ecoreClass in _eClass_.ePackage.nsURI = 'www.uca.es/modeling/cep/cepapp' and _eClass_.name = 'InMemoryInput') and (let _containmentMF_:ecore::EStructuralFeature = modelFacet.containmentMetaFeature.ecoreFeature in (let _eClass_:ecore::EClass = _containmentMF_.eContainingClass in _eClass_.ePackage.nsURI = 'www.uca.es/modeling/cep/cepapp' and _eClass_.name = 'CEPApp') and _containmentMF_.name = 'sourceElements')"/>
  <nodeTraces
      visualID="2022"
      queryText="(let _eClass_:ecore::EClass = modelFacet.metaClass.ecoreClass in _eClass_.ePackage.nsURI = 'www.uca.es/modeling/cep/cepapp' and _eClass_.name = 'SourceEmail') and (let _containmentMF_:ecore::EStructuralFeature = modelFacet.containmentMetaFeature.ecoreFeature in (let _eClass_:ecore::EClass = _containmentMF_.eContainingClass in _eClass_.ePackage.nsURI = 'www.uca.es/modeling/cep/cepapp' and _eClass_.name = 'CEPApp') and _containmentMF_.name = 'sourceElements')"/>
  <nodeTraces
      visualID="2023"
      queryText="(let _eClass_:ecore::EClass = modelFacet.metaClass.ecoreClass in _eClass_.ePackage.nsURI = 'www.uca.es/modeling/cep/cepapp' and _eClass_.name = 'InMemoryOutput') and (let _containmentMF_:ecore::EStructuralFeature = modelFacet.containmentMetaFeature.ecoreFeature in (let _eClass_:ecore::EClass = _containmentMF_.eContainingClass in _eClass_.ePackage.nsURI = 'www.uca.es/modeling/cep/cepapp' and _eClass_.name = 'CEPApp') and _containmentMF_.name = 'sinkElements')"/>
  <nodeTraces
      visualID="2024"
      queryText="(let _eClass_:ecore::EClass = modelFacet.metaClass.ecoreClass in _eClass_.ePackage.nsURI = 'www.uca.es/modeling/cep/cepapp' and _eClass_.name = 'SinkEmail') and (let _containmentMF_:ecore::EStructuralFeature = modelFacet.containmentMetaFeature.ecoreFeature in (let _eClass_:ecore::EClass = _containmentMF_.eContainingClass in _eClass_.ePackage.nsURI = 'www.uca.es/modeling/cep/cepapp' and _eClass_.name = 'CEPApp') and _containmentMF_.name = 'sinkElements')"/>
  <childNodeTraces
      visualID="3001"
      queryText="(let _eClass_:ecore::EClass = modelFacet.metaClass.ecoreClass in _eClass_.ePackage.nsURI = 'www.uca.es/modeling/cep/cepapp' and _eClass_.name = 'EventProperty') and (let _containmentMF_:ecore::EStructuralFeature = modelFacet.containmentMetaFeature.ecoreFeature in (let _eClass_:ecore::EClass = _containmentMF_.eContainingClass in _eClass_.ePackage.nsURI = 'www.uca.es/modeling/cep/cepapp' and _eClass_.name = 'Event') and _containmentMF_.name = 'eventProperties')">
    <nodeLabelTraces
        visualID="5002"
        queryText="true"/>
    <compartmentTraces
        visualID="7002"
        queryText="true"/>
  </childNodeTraces>
  <childNodeTraces
      visualID="3002"
      queryText="(let _eClass_:ecore::EClass = modelFacet.metaClass.ecoreClass in _eClass_.ePackage.nsURI = 'www.uca.es/modeling/cep/cepapp' and _eClass_.name = 'EventProperty') and (let _containmentMF_:ecore::EStructuralFeature = modelFacet.containmentMetaFeature.ecoreFeature in (let _eClass_:ecore::EClass = _containmentMF_.eContainingClass in _eClass_.ePackage.nsURI = 'www.uca.es/modeling/cep/cepapp' and _eClass_.name = 'EventProperty') and _containmentMF_.name = 'eventProperties')">
    <nodeLabelTraces
        visualID="5001"
        queryText="true"/>
    <compartmentTraces
        visualID="7003"
        queryText="true"/>
  </childNodeTraces>
  <childNodeTraces
      visualID="3003"
      queryText="(let _eClass_:ecore::EClass = modelFacet.metaClass.ecoreClass in _eClass_.ePackage.nsURI = 'www.uca.es/modeling/cep/cepapp' and _eClass_.name = 'ComplexEventProperty') and (let _containmentMF_:ecore::EStructuralFeature = modelFacet.containmentMetaFeature.ecoreFeature in (let _eClass_:ecore::EClass = _containmentMF_.eContainingClass in _eClass_.ePackage.nsURI = 'www.uca.es/modeling/cep/cepapp' and _eClass_.name = 'ComplexEvent') and _containmentMF_.name = 'complexEventProperties')">
    <nodeLabelTraces
        visualID="5005"
        queryText="true"/>
    <compartmentTraces
        visualID="7005"
        queryText="true"/>
  </childNodeTraces>
  <childNodeTraces
      visualID="3004"
      queryText="(let _eClass_:ecore::EClass = modelFacet.metaClass.ecoreClass in _eClass_.ePackage.nsURI = 'www.uca.es/modeling/cep/cepapp' and _eClass_.name = 'ComplexEventProperty') and (let _containmentMF_:ecore::EStructuralFeature = modelFacet.containmentMetaFeature.ecoreFeature in (let _eClass_:ecore::EClass = _containmentMF_.eContainingClass in _eClass_.ePackage.nsURI = 'www.uca.es/modeling/cep/cepapp' and _eClass_.name = 'ComplexEventProperty') and _containmentMF_.name = 'complexEventProperties')">
    <nodeLabelTraces
        visualID="5006"
        queryText="true"/>
    <compartmentTraces
        visualID="7006"
        queryText="true"/>
  </childNodeTraces>
  <linkTraces
      visualID="4001"
      queryText="modelFacet.oclIsKindOf(gmfgen::TypeLinkModelFacet) and (let _eClass_:ecore::EClass = modelFacet.oclAsType(gmfgen::TypeLinkModelFacet).metaClass.ecoreClass in _eClass_.ePackage.nsURI = 'www.uca.es/modeling/cep/cepapp' and _eClass_.name = 'Link')"/>
</trace:TraceModel>
